; This is the Calva evaluation results output window.
; TIPS: The keyboard shortcut `ctrl+alt+c o` shows and focuses this window
;   when connected to a REPL session.
; Please see https://calva.io/output/ for more info.
; Happy coding! â™¥ï¸

; Jacking in...
; Hooking up nREPL sessions...
; Connected session: clj
; TIPS: 
;   - You can edit the contents here. Use it as a REPL if you like.
;   - `alt+enter` evaluates the current top level form.
;   - `ctrl+enter` evaluates the current form.
;   - `alt+up` and `alt+down` traverse up and down the REPL command history
;      when the cursor is after the last contents at the prompt
;   - Clojure lines in stack traces are peekable and clickable.
clj::day1.core=> 

; Jack-in done.
clj::day1.core=> 
; Running all project testsâ€¦
; ERROR in day1.core-test/a-test (line 7):
; get-seq
; error: java.lang.ClassCastException: Default comparator requires nil, Number, or Comparable: clojure.lang.LazySeq@7861 (PersistentTreeMap.java)
; expected:
(= (get-seq [1 2 3]) (sorted-set [1 2 3]))
; 1 tests finished, problems found. ðŸ˜­ errors: 1, failures: 0, ns: 1, vars: 1
clj::day1.core=> 
; Evaluating file: core.clj
; Evaluating file: core_test.clj
#'day1.core/get-seq
clj::day1.core=> 
#'day1.core-test/a-test
clj::day1.core-test=> 
; Running all project testsâ€¦
; 1 tests finished, all passing ðŸ‘, ns: 1, vars: 1
clj::day1.core-test=> 
; Evaluating file: core_test.clj
#'day1.core-test/a-test
clj::day1.core-test=> 
; Running all project testsâ€¦
; 1 tests finished, all passing ðŸ‘, ns: 1, vars: 1
clj::day1.core-test=> 
; Evaluating file: core_test.clj
; Evaluating file: core.clj
; Syntax error compiling at (test/day1/core_test.clj:8:23).
; Unable to resolve symbol: find-match-sum in this context
#'day1.core/find-match-sum
clj::day1.core=> 
; Evaluation of file core_test.clj failed: class clojure.lang.Compiler$CompilerException

clj::day1.core-test=> 
; Running all project testsâ€¦
; 1 tests finished, all passing ðŸ‘, ns: 1, vars: 1
clj::day1.core-test=> 
; Evaluating file: core_test.clj
#'day1.core-test/a-test
clj::day1.core-test=> 
; Running all project testsâ€¦
; ERROR in day1.core-test/a-test (line 9):
; find-match-sum
; error: clojure.lang.ArityException: Wrong number of args (5) passed to: day1.core/find-match-sum (AFn.java)
; expected:
(= '(20 2000) (find-match-sum 1 2 3 20 2020))
; 2 tests finished, problems found. ðŸ˜­ errors: 1, failures: 0, ns: 1, vars: 1
clj::day1.core-test=> 
; Evaluating file: core_test.clj
#'day1.core-test/a-test
clj::day1.core-test=> 
; Running all project testsâ€¦
; FAIL in day1.core-test/a-test (core_test.clj:9):
; find-match-sum
; expected:
(20 2000)
; actual:
((f l))
; 2 tests finished, problems found. ðŸ˜­ errors: 0, failures: 1, ns: 1, vars: 1
clj::day1.core-test=> 
; Evaluating file: core.clj
#'day1.core/find-match-sum
clj::day1.core=> 
; Running all project testsâ€¦
; FAIL in day1.core-test/a-test (core_test.clj:9):
; find-match-sum
; expected:
(20 2000)
; actual:
((1 2020))
; 2 tests finished, problems found. ðŸ˜­ errors: 0, failures: 1, ns: 1, vars: 1
clj::day1.core=> 
; Evaluating file: core_test.clj
#'day1.core-test/a-test
clj::day1.core-test=> 
; Running all project testsâ€¦
; ERROR in day1.core-test/a-test (line 9):
; find-match-sum
; error: java.lang.ClassCastException: class clojure.lang.PersistentVector cannot be cast to class clojure.lang.IPersistentSet (clojure.lang.PersistentVector and clojure.lang.IPersistentSet are in unnamed module of loader 'app') (core.clj)
; expected:
(= '(20 2000) (find-match-sum [1 2 3 20 2000]))
; 2 tests finished, problems found. ðŸ˜­ errors: 1, failures: 0, ns: 1, vars: 1
clj::day1.core-test=> 
; Evaluating file: core_test.clj
#'day1.core-test/a-test
clj::day1.core-test=> 
; Running all project testsâ€¦
; FAIL in day1.core-test/a-test (core_test.clj:9):
; find-match-sum
; expected:
(20 2000)
; actual:
(nil)
; 2 tests finished, problems found. ðŸ˜­ errors: 0, failures: 1, ns: 1, vars: 1
clj::day1.core-test=> 
; Evaluating file: core.clj
#'day1.core/find-match-sum
clj::day1.core=> 
; Running all project testsâ€¦
; FAIL in day1.core-test/a-test (core_test.clj:9):
; find-match-sum
; expected:
(20 2000)
; actual:
(nil)
; 2 tests finished, problems found. ðŸ˜­ errors: 0, failures: 1, ns: 1, vars: 1
clj::day1.core=> 
; Evaluating file: core.clj
#'day1.core/find-match-sum
clj::day1.core=> 
; Running all project testsâ€¦
CHECHE 1 2000 2001
CHECHE 1 20 21
CHECHE 1 3 4
CHECHE 1 2 3
; FAIL in day1.core-test/a-test (core_test.clj:9):
; find-match-sum
; expected:
(20 2000)
; actual:
(nil)
; 2 tests finished, problems found. ðŸ˜­ errors: 0, failures: 1, ns: 1, vars: 1
clj::day1.core=> 
; Evaluating file: core.clj
#'day1.core/find-match-sum
clj::day1.core=> 
; Running all project testsâ€¦
CHECHE 1 2000 2001
CHECHE 2 2000 2002
CHECHE 3 2000 2003
CHECHE 20 2000 2020
; 2 tests finished, all passing ðŸ‘, ns: 1, vars: 1
clj::day1.core=> 
; Evaluating file: core.clj
#'day1.core/find-match-sum
clj::day1.core=> 
; Evaluating file: core.clj
#'day1.core/main
clj::day1.core=> (main)
#function[day1.core/main]
clj::day1.core=> (main)
(649 1371)
clj::day1.core=> (* 649 1371)
889779
clj::day1.core=> 
; Evaluating file: core.clj
#'day1.core/main
clj::day1.core=> (main)
; Execution error (UnsupportedOperationException) at day1.core/find-match-sum (core.clj:19).
; count not supported on this type: Long
clojure.lang.RT/countFrom (RT.java:671)
clojure.lang.RT/count (RT.java:643)
day1.core/find-match-sum (core.clj:19)
day1.core/find-match-sum (core.clj:18)
day1.core/main (core.clj:31)
day1.core/main (core.clj:28)
day1.core/eval23017 (form-init13404657727833722931.clj:166)
clojure.lang.Compiler/eval (Compiler.java:7177)
clojure.core/eval (core.clj:3214)
clojure.core/eval (core.clj:3210)
nrepl.middleware.interruptible-eval/evaluate (interruptible_eval.clj:87)
clojure.core/apply (core.clj:665)
clojure.core/with-bindings* (core.clj:1973)
nrepl.middleware.interruptible-eval/evaluate (interruptible_eval.clj:87)
clojure.main/repl (main.clj:437)
clojure.main/repl (main.clj:458)
clojure.main/repl (main.clj:368)
nrepl.middleware.interruptible-eval/evaluate (interruptible_eval.clj:84)
nrepl.middleware.interruptible-eval/evaluate (interruptible_eval.clj:56)
nrepl.middleware.interruptible-eval/interruptible-eval (interruptible_eval.clj:152)
nrepl.middleware.session/session-exec (session.clj:202)
nrepl.middleware.session/session-exec (session.clj:201)
java.lang.Thread/run (Thread.java:834)
clj::day1.core=> 
; Evaluating file: core.clj
#'day1.core/main
clj::day1.core=> (main)
(649 1371)
clj::day1.core=> 
; Evaluating file: core.clj
#'day1.core/main
clj::day1.core=> 
; Evaluating file: core.clj
; Syntax error compiling at (src/day1/core.clj:20:16).
; Unable to resolve symbol: l in this context
; Evaluation of file core.clj failed: class clojure.lang.Compiler$CompilerException

clj::day1.core=> 
; Evaluating file: core.clj
#'day1.core/main
clj::day1.core=> 
; Evaluating file: core.clj
#'day1.core/main
clj::day1.core=> (main)
(1494 128 398)
clj::day1.core=> 
(apply * (main))
76110336
clj::day1.core=> 
; Evaluating file: core.clj
#'day1.core/main
clj::day1.core=> 
clj::day1.core=> 
clj::day1.core=> (main)
clj::day1.core=> (main)
clj::day1.core=> (main)
Iterations: 19805
(1494 128 398) nil
nil
clj::day1.core=> 
(count input)
200
clj::day1.core=> 
; Evaluating file: core.clj
#'day1.core/main
clj::day1.core=> 
